app/build/intermediates/manifest_merge_blame_file/release/manifest-merger-blame-release-report.txt
1<?xml version="1.0" encoding="utf-8"?>
2<manifest xmlns:android="http://schemas.android.com/apk/res/android"
3    package="org.tensorflow.lite.examples.styletransfersample"
4    android:versionCode="1"
5    android:versionName="1.0" >
6
7    <uses-sdk
7-->src/main/AndroidManifest.xml:5:5-17
8        android:minSdkVersion="26"
8-->src/main/AndroidManifest.xml:5:5-17
9        android:targetSdkVersion="28" />
9-->src/main/AndroidManifest.xml:5:5-17
10
11    <uses-permission android:name="android.permission.CAMERA" />
11-->src/main/AndroidManifest.xml:7:5-65
11-->src/main/AndroidManifest.xml:7:22-62
12    <uses-permission android:name="android.permission.WRITE_EXTERNAL_STORAGE" />
12-->src/main/AndroidManifest.xml:8:5-80
12-->src/main/AndroidManifest.xml:8:22-78
13
14    <uses-feature android:name="android.hardware.camera.any" />
14-->src/main/AndroidManifest.xml:9:5-64
14-->src/main/AndroidManifest.xml:9:19-61
15
16    <application
16-->src/main/AndroidManifest.xml:11:5-39:19
17        android:allowBackup="true"
17-->src/main/AndroidManifest.xml:12:9-35
18        android:appComponentFactory="androidx.core.app.CoreComponentFactory"
18-->[androidx.core:core:1.2.0-alpha01] AndroidManifest.xml:22:18-86
19        android:icon="@mipmap/ic_launcher"
19-->src/main/AndroidManifest.xml:13:9-43
20        android:label="@string/app_name"
20-->src/main/AndroidManifest.xml:14:9-41
21        android:roundIcon="@mipmap/ic_launcher_round"
21-->src/main/AndroidManifest.xml:15:9-54
22        android:supportsRtl="true"
22-->src/main/AndroidManifest.xml:16:9-35
23        android:testOnly="false"
23-->src/main/AndroidManifest.xml:17:9-33
24        android:theme="@style/AppTheme" >
24-->src/main/AndroidManifest.xml:18:9-40
25        <activity
25-->src/main/AndroidManifest.xml:20:9-29:20
26            android:name="org.tensorflow.lite.examples.styletransfer.LoginActivity"
26-->src/main/AndroidManifest.xml:21:13-42
27            android:exported="true"
27-->src/main/AndroidManifest.xml:23:13-36
28            android:theme="@style/AppTheme.Dark" >
28-->src/main/AndroidManifest.xml:22:13-49
29            <intent-filter>
29-->src/main/AndroidManifest.xml:24:13-28:29
30                <action android:name="android.intent.action.MAIN" />
30-->src/main/AndroidManifest.xml:25:17-69
30-->src/main/AndroidManifest.xml:25:25-66
31
32                <category android:name="android.intent.category.LAUNCHER" />
32-->src/main/AndroidManifest.xml:27:17-77
32-->src/main/AndroidManifest.xml:27:27-74
33            </intent-filter>
34        </activity>
35        <activity
35-->src/main/AndroidManifest.xml:31:9-33:39
36            android:name="org.tensorflow.lite.examples.styletransfer.MainActivity"
36-->src/main/AndroidManifest.xml:32:13-41
37            android:exported="true" />
37-->src/main/AndroidManifest.xml:33:13-36
38        <activity
38-->src/main/AndroidManifest.xml:35:9-38:39
39            android:name="org.tensorflow.lite.examples.styletransfer.SignupActivity"
39-->src/main/AndroidManifest.xml:36:13-43
40            android:exported="true"
40-->src/main/AndroidManifest.xml:38:13-36
41            android:theme="@style/AppTheme.Dark" />
41-->src/main/AndroidManifest.xml:37:13-49
42
43        <provider
43-->[androidx.camera:camera-camera2:1.0.0-alpha02] AndroidManifest.xml:25:9-30:43
44            android:name="androidx.camera.camera2.impl.Camera2Initializer"
44-->[androidx.camera:camera-camera2:1.0.0-alpha02] AndroidManifest.xml:26:13-75
45            android:authorities="org.tensorflow.lite.examples.styletransfersample.camerax-init"
45-->[androidx.camera:camera-camera2:1.0.0-alpha02] AndroidManifest.xml:27:13-64
46            android:exported="false"
46-->[androidx.camera:camera-camera2:1.0.0-alpha02] AndroidManifest.xml:28:13-37
47            android:initOrder="100"
47-->[androidx.camera:camera-camera2:1.0.0-alpha02] AndroidManifest.xml:29:13-36
48            android:multiprocess="true" />
48-->[androidx.camera:camera-camera2:1.0.0-alpha02] AndroidManifest.xml:30:13-40
49        <provider
49-->[androidx.lifecycle:lifecycle-process:2.1.0-alpha02] AndroidManifest.xml:23:9-27:43
50            android:name="androidx.lifecycle.ProcessLifecycleOwnerInitializer"
50-->[androidx.lifecycle:lifecycle-process:2.1.0-alpha02] AndroidManifest.xml:24:13-79
51            android:authorities="org.tensorflow.lite.examples.styletransfersample.lifecycle-process"
51-->[androidx.lifecycle:lifecycle-process:2.1.0-alpha02] AndroidManifest.xml:25:13-69
52            android:exported="false"
52-->[androidx.lifecycle:lifecycle-process:2.1.0-alpha02] AndroidManifest.xml:26:13-37
53            android:multiprocess="true" />
53-->[androidx.lifecycle:lifecycle-process:2.1.0-alpha02] AndroidManifest.xml:27:13-40
54    </application>
55
56</manifest>